#
# There is insufficient memory for the Java Runtime Environment to continue.
# Native memory allocation (mmap) failed to map 266338304 bytes for G1 virtual space
# Possible reasons:
#   The system is out of physical RAM or swap space
#   The process is running with CompressedOops enabled, and the Java Heap may be blocking the growth of the native heap
# Possible solutions:
#   Reduce memory load on the system
#   Increase physical memory or swap space
#   Check if swap backing store is full
#   Decrease Java heap size (-Xmx/-Xms)
#   Decrease number of Java threads
#   Decrease Java thread stack sizes (-Xss)
#   Set larger code cache with -XX:ReservedCodeCacheSize=
#   JVM is running with Zero Based Compressed Oops mode in which the Java heap is
#     placed in the first 32GB address space. The Java Heap base address is the
#     maximum limit for the native heap growth. Please use -XX:HeapBaseMinAddress
#     to set the Java Heap base and to place the Java Heap above 32GB virtual address.
# This output file may be truncated or incomplete.
#
#  Out of Memory Error (os_windows.cpp:3550), pid=17088, tid=10924
#
# JRE version:  (17.0.7+8) (build )
# Java VM: Java HotSpot(TM) 64-Bit Server VM (17.0.7+8-LTS-224, mixed mode, sharing, tiered, compressed oops, compressed class ptrs, g1 gc, windows-amd64)
# No core dump will be written. Minidumps are not enabled by default on client versions of Windows
#

---------------  S U M M A R Y ------------

Command Line: -Dmaven.multiModuleProjectDirectory=E:\2023_Sum_Ky7\PRM\ShopIT_Backend\ShopIT -Djansi.passthrough=true -Dmaven.home=C:\Users\tient\.m2\wrapper\dists\apache-maven-3.9.2-bin\5aq6rqcntpmkk4aam7p0t6i219\apache-maven-3.9.2 -Dclassworlds.conf=C:\Users\tient\.m2\wrapper\dists\apache-maven-3.9.2-bin\5aq6rqcntpmkk4aam7p0t6i219\apache-maven-3.9.2\bin\m2.conf -Dmaven.ext.class.path=C:\Program Files\JetBrains\IntelliJ IDEA 2023.1.1\plugins\maven\lib\maven-event-listener.jar -javaagent:C:\Program Files\JetBrains\IntelliJ IDEA 2023.1.1\lib\idea_rt.jar=59013:C:\Program Files\JetBrains\IntelliJ IDEA 2023.1.1\bin -Dfile.encoding=UTF-8 org.codehaus.classworlds.Launcher -Didea.version=2023.1.1 package

Host: Intel(R) Core(TM) i7-9750H CPU @ 2.60GHz, 12 cores, 15G,  Windows 11 , 64 bit Build 22621 (10.0.22621.1928)
Time: Thu Jul 20 00:43:18 2023 SE Asia Standard Time elapsed time: 0.019377 seconds (0d 0h 0m 0s)

---------------  T H R E A D  ---------------

Current thread (0x000001eb2b921540):  JavaThread "Unknown thread" [_thread_in_vm, id=10924, stack(0x000000b516a00000,0x000000b516b00000)]

Stack: [0x000000b516a00000,0x000000b516b00000]
Native frames: (J=compiled Java code, j=interpreted, Vv=VM code, C=native code)
V  [jvm.dll+0x676a4a]
V  [jvm.dll+0x7d74f4]
V  [jvm.dll+0x7d8c9e]
V  [jvm.dll+0x7d9303]
V  [jvm.dll+0x2452c5]
V  [jvm.dll+0x6738f9]
V  [jvm.dll+0x668232]
V  [jvm.dll+0x302826]
V  [jvm.dll+0x309da6]
V  [jvm.dll+0x35952e]
V  [jvm.dll+0x35975f]
V  [jvm.dll+0x2d9a38]
V  [jvm.dll+0x2da9a4]
V  [jvm.dll+0x7a8fb1]
V  [jvm.dll+0x3670e1]
V  [jvm.dll+0x788359]
V  [jvm.dll+0x3ea5ef]
V  [jvm.dll+0x3ec071]
C  [jli.dll+0x5297]
C  [ucrtbase.dll+0x29363]
C  [KERNEL32.DLL+0x126ad]
C  [ntdll.dll+0x5aa68]


---------------  P R O C E S S  ---------------

Threads class SMR info:
_java_thread_list=0x00007ff9013c4998, length=0, elements={
}

Java Threads: ( => current thread )

Other Threads:
  0x000001eb2b98d220 GCTaskThread "GC Thread#0" [stack: 0x000000b516b00000,0x000000b516c00000] [id=1160]
  0x000001eb2975def0 ConcurrentGCThread "G1 Main Marker" [stack: 0x000000b516c00000,0x000000b516d00000] [id=19592]
  0x000001eb2975e970 ConcurrentGCThread "G1 Conc#0" [stack: 0x000000b516d00000,0x000000b516e00000] [id=18104]

[error occurred during error reporting (printing all threads), id 0xc0000005, EXCEPTION_ACCESS_VIOLATION (0xc0000005) at pc=0x00007ff900bfa697]

VM state: not at safepoint (not fully initialized)

VM Mutex/Monitor currently owned by a thread:  ([mutex/lock_event])
[0x000001eb2b91e290] Heap_lock - owner thread: 0x000001eb2b921540

Heap address: 0x0000000703a00000, size: 4038 MB, Compressed Oops mode: Zero based, Oop shift amount: 3

CDS archive(s) mapped at: [0x0000000000000000-0x0000000000000000-0x0000000000000000), size 0, SharedBaseAddress: 0x0000000800000000, ArchiveRelocationMode: 0.
Narrow klass base: 0x0000000000000000, Narrow klass shift: 0, Narrow klass range: 0x0

GC Precious Log:
<Empty>

Heap:
 garbage-first heap   total 0K, used 0K [0x0000000703a00000, 0x0000000800000000)
  region size 2048K, 0 young (0K), 0 survivors (0K)

[error occurred during error reporting (printing heap information), id 0xc0000005, EXCEPTION_ACCESS_VIOLATION (0xc0000005) at pc=0x00007ff900fe00b9]

GC Heap History (0 events):
No events

Deoptimization events (0 events):
No events

Classes unloaded (0 events):
No events

Classes redefined (0 events):
No events

Internal exceptions (0 events):
No events

VM Operations (0 events):
No events

Events (1 events):
Event: 0.014 Loaded shared library C:\Program Files\Java\jdk-17\bin\java.dll


Dynamic libraries:
0x00007ff606d20000 - 0x00007ff606d30000 	C:\Program Files\Java\jdk-17\bin\java.exe
0x00007ff9a4330000 - 0x00007ff9a4544000 	C:\Windows\SYSTEM32\ntdll.dll
0x00007ff9a2f50000 - 0x00007ff9a3012000 	C:\Windows\System32\KERNEL32.DLL
0x00007ff9a1af0000 - 0x00007ff9a1e93000 	C:\Windows\System32\KERNELBASE.dll
0x00007ff9a1ff0000 - 0x00007ff9a2101000 	C:\Windows\System32\ucrtbase.dll
0x00007ff983140000 - 0x00007ff98315b000 	C:\Program Files\Java\jdk-17\bin\VCRUNTIME140.dll
0x00007ff983330000 - 0x00007ff983349000 	C:\Program Files\Java\jdk-17\bin\jli.dll
0x00007ff9a36e0000 - 0x00007ff9a378e000 	C:\Windows\System32\ADVAPI32.dll
0x00007ff9a2530000 - 0x00007ff9a25d7000 	C:\Windows\System32\msvcrt.dll
0x00007ff9a2110000 - 0x00007ff9a21b4000 	C:\Windows\System32\sechost.dll
0x00007ff9a2d70000 - 0x00007ff9a2e87000 	C:\Windows\System32\RPCRT4.dll
0x00007ff9a40c0000 - 0x00007ff9a426a000 	C:\Windows\System32\USER32.dll
0x00007ff9a1fc0000 - 0x00007ff9a1fe6000 	C:\Windows\System32\win32u.dll
0x00007ff97fd80000 - 0x00007ff98000e000 	C:\Windows\WinSxS\amd64_microsoft.windows.common-controls_6595b64144ccf1df_6.0.22621.1635_none_270f70857386168e\COMCTL32.dll
0x00007ff9a25e0000 - 0x00007ff9a2609000 	C:\Windows\System32\GDI32.dll
0x00007ff9a1ea0000 - 0x00007ff9a1fb9000 	C:\Windows\System32\gdi32full.dll
0x00007ff9a1910000 - 0x00007ff9a19aa000 	C:\Windows\System32\msvcp_win.dll
0x00007ff996f80000 - 0x00007ff996f8a000 	C:\Windows\SYSTEM32\VERSION.dll
0x00007ff9a2480000 - 0x00007ff9a24b1000 	C:\Windows\System32\IMM32.DLL
0x00007ff983000000 - 0x00007ff98300c000 	C:\Program Files\Java\jdk-17\bin\vcruntime140_1.dll
0x00007ff9592d0000 - 0x00007ff95935e000 	C:\Program Files\Java\jdk-17\bin\msvcp140.dll
0x00007ff900910000 - 0x00007ff9014ed000 	C:\Program Files\Java\jdk-17\bin\server\jvm.dll
0x00007ff9a2f40000 - 0x00007ff9a2f48000 	C:\Windows\System32\PSAPI.DLL
0x00007ff99c820000 - 0x00007ff99c854000 	C:\Windows\SYSTEM32\WINMM.dll
0x00007ff970ef0000 - 0x00007ff970ef9000 	C:\Windows\SYSTEM32\WSOCK32.dll
0x00007ff9a3020000 - 0x00007ff9a3091000 	C:\Windows\System32\WS2_32.dll
0x00007ff9a0860000 - 0x00007ff9a0878000 	C:\Windows\SYSTEM32\kernel.appcore.dll
0x00007ff982ee0000 - 0x00007ff982eea000 	C:\Program Files\Java\jdk-17\bin\jimage.dll
0x00007ff99e860000 - 0x00007ff99ea8e000 	C:\Windows\SYSTEM32\DBGHELP.DLL
0x00007ff9a3110000 - 0x00007ff9a3499000 	C:\Windows\System32\combase.dll
0x00007ff9a2610000 - 0x00007ff9a26e7000 	C:\Windows\System32\OLEAUT32.dll
0x00007ff99c7e0000 - 0x00007ff99c812000 	C:\Windows\SYSTEM32\dbgcore.DLL
0x00007ff9a19b0000 - 0x00007ff9a1a2a000 	C:\Windows\System32\bcryptPrimitives.dll
0x00007ff997620000 - 0x00007ff99762e000 	C:\Program Files\Java\jdk-17\bin\instrument.dll
0x00007ff982eb0000 - 0x00007ff982ed5000 	C:\Program Files\Java\jdk-17\bin\java.dll

dbghelp: loaded successfully - version: 4.0.5 - missing functions: none
symbol engine: initialized successfully - sym options: 0x614 - pdb path: .;C:\Program Files\Java\jdk-17\bin;C:\Windows\SYSTEM32;C:\Windows\WinSxS\amd64_microsoft.windows.common-controls_6595b64144ccf1df_6.0.22621.1635_none_270f70857386168e;C:\Program Files\Java\jdk-17\bin\server

VM Arguments:
jvm_args: -Dmaven.multiModuleProjectDirectory=E:\2023_Sum_Ky7\PRM\ShopIT_Backend\ShopIT -Djansi.passthrough=true -Dmaven.home=C:\Users\tient\.m2\wrapper\dists\apache-maven-3.9.2-bin\5aq6rqcntpmkk4aam7p0t6i219\apache-maven-3.9.2 -Dclassworlds.conf=C:\Users\tient\.m2\wrapper\dists\apache-maven-3.9.2-bin\5aq6rqcntpmkk4aam7p0t6i219\apache-maven-3.9.2\bin\m2.conf -Dmaven.ext.class.path=C:\Program Files\JetBrains\IntelliJ IDEA 2023.1.1\plugins\maven\lib\maven-event-listener.jar -javaagent:C:\Program Files\JetBrains\IntelliJ IDEA 2023.1.1\lib\idea_rt.jar=59013:C:\Program Files\JetBrains\IntelliJ IDEA 2023.1.1\bin -Dfile.encoding=UTF-8 
java_command: org.codehaus.classworlds.Launcher -Didea.version=2023.1.1 package
java_class_path (initial): C:\Users\tient\.m2\wrapper\dists\apache-maven-3.9.2-bin\5aq6rqcntpmkk4aam7p0t6i219\apache-maven-3.9.2\boot\plexus-classworlds-2.7.0.jar;C:\Users\tient\.m2\wrapper\dists\apache-maven-3.9.2-bin\5aq6rqcntpmkk4aam7p0t6i219\apache-maven-3.9.2\boot\plexus-classworlds.license
Launcher Type: SUN_STANDARD

[Global flags]
     intx CICompilerCount                          = 4                                         {product} {ergonomic}
     uint ConcGCThreads                            = 3                                         {product} {ergonomic}
     uint G1ConcRefinementThreads                  = 10                                        {product} {ergonomic}
   size_t G1HeapRegionSize                         = 2097152                                   {product} {ergonomic}
    uintx GCDrainStackTargetSize                   = 64                                        {product} {ergonomic}
   size_t InitialHeapSize                          = 266338304                                 {product} {ergonomic}
   size_t MarkStackSize                            = 4194304                                   {product} {ergonomic}
   size_t MaxHeapSize                              = 4234149888                                {product} {ergonomic}
   size_t MinHeapDeltaBytes                        = 2097152                                   {product} {ergonomic}
   size_t MinHeapSize                              = 8388608                                   {product} {ergonomic}
    uintx NonNMethodCodeHeapSize                   = 5839372                                {pd product} {ergonomic}
    uintx NonProfiledCodeHeapSize                  = 122909434                              {pd product} {ergonomic}
    uintx ProfiledCodeHeapSize                     = 122909434                              {pd product} {ergonomic}
    uintx ReservedCodeCacheSize                    = 251658240                              {pd product} {ergonomic}
     bool SegmentedCodeCache                       = true                                      {product} {ergonomic}
   size_t SoftMaxHeapSize                          = 4234149888                             {manageable} {ergonomic}
     bool UseCompressedClassPointers               = true                           {product lp64_product} {ergonomic}
     bool UseCompressedOops                        = true                           {product lp64_product} {ergonomic}
     bool UseG1GC                                  = true                                      {product} {ergonomic}
     bool UseLargePagesIndividualAllocation        = false                                  {pd product} {ergonomic}

Logging:
Log output configuration:
 #0: stdout all=warning uptime,level,tags
 #1: stderr all=off uptime,level,tags

Environment Variables:
JAVA_HOME=C:\Program Files\Java\jdk-17
PATH=C:\Program Files\Common Files\Oracle\Java\javapath;C:\Program Files (x86)\Common Files\Oracle\Java\javapath;C:\Windows\system32;C:\Windows;C:\Windows\System32\Wbem;C:\Windows\System32\WindowsPowerShell\v1.0\;C:\Windows\System32\OpenSSH\;C:\Program Files\dotnet\;C:\Program Files\Microsoft SQL Server\150\Tools\Binn\;C:\Program Files\Microsoft SQL Server\Client SDK\ODBC\170\Tools\Binn\;C:\Program Files\Java\jdk-17\bin;C:\Program Files\Git\cmd;C:\Program Files (x86)\Microsoft SQL Server\160\Tools\Binn\;C:\Program Files\Microsoft SQL Server\160\Tools\Binn\;C:\Program Files\Microsoft SQL Server\160\DTS\Binn\;C:\Program Files (x86)\Microsoft SQL Server\160\DTS\Binn\;C:\Program Files\Azure Data Studio\bin;C:\flutter\bin;C:\Users\tient\AppData\Local\Pub\Cache\bin;C:\Program Files\nodejs\;C:\Users\tient\AppData\Roaming\npm;C:\Program Files\Docker\Docker\resources\bin;C:\Program Files\MySQL\MySQL Server 8.0\bin;C:\Program Files\MySQL\MySQL Shell 8.0\bin\;C:\Users\tient\AppData\Local\Microsoft\WindowsApps;C:\Users\tient\.dotnet\tools;C:\Users\tient\AppData\Local\Programs\Microsoft VS Code\bin;C:\Program Files\Azure Data Studio\bin;C:\Users\tient\AppData\Roaming\npm;
USERNAME=tient
OS=Windows_NT
PROCESSOR_IDENTIFIER=Intel64 Family 6 Model 158 Stepping 10, GenuineIntel



---------------  S Y S T E M  ---------------

OS:
 Windows 11 , 64 bit Build 22621 (10.0.22621.1928)
OS uptime: 0 days 10:39 hours

CPU: total 12 (initial active 12) (6 cores per cpu, 2 threads per core) family 6 model 158 stepping 10 microcode 0xf0, cx8, cmov, fxsr, ht, mmx, 3dnowpref, sse, sse2, sse3, ssse3, sse4.1, sse4.2, popcnt, lzcnt, tsc, tscinvbit, avx, avx2, aes, erms, clmul, bmi1, bmi2, adx, fma, vzeroupper, clflush, clflushopt

Memory: 4k page, system-wide physical 16148M (984M free)
TotalPageFile size 46590M (AvailPageFile size 52M)
current process WorkingSet (physical memory assigned to process): 11M, peak: 11M
current process commit charge ("private bytes"): 64M, peak: 318M

vm_info: Java HotSpot(TM) 64-Bit Server VM (17.0.7+8-LTS-224) for windows-amd64 JRE (17.0.7+8-LTS-224), built on Feb 28 2023 23:03:02 by "mach5one" with MS VC++ 17.1 (VS2022)

END.
