#
# There is insufficient memory for the Java Runtime Environment to continue.
# Native memory allocation (malloc) failed to allocate 533616 bytes for Chunk::new
# Possible reasons:
#   The system is out of physical RAM or swap space
#   The process is running with CompressedOops enabled, and the Java Heap may be blocking the growth of the native heap
# Possible solutions:
#   Reduce memory load on the system
#   Increase physical memory or swap space
#   Check if swap backing store is full
#   Decrease Java heap size (-Xmx/-Xms)
#   Decrease number of Java threads
#   Decrease Java thread stack sizes (-Xss)
#   Set larger code cache with -XX:ReservedCodeCacheSize=
#   JVM is running with Zero Based Compressed Oops mode in which the Java heap is
#     placed in the first 32GB address space. The Java Heap base address is the
#     maximum limit for the native heap growth. Please use -XX:HeapBaseMinAddress
#     to set the Java Heap base and to place the Java Heap above 32GB virtual address.
# This output file may be truncated or incomplete.
#
#  Out of Memory Error (arena.cpp:189), pid=19544, tid=23196
#
# JRE version: Java(TM) SE Runtime Environment (17.0.7+8) (build 17.0.7+8-LTS-224)
# Java VM: Java HotSpot(TM) 64-Bit Server VM (17.0.7+8-LTS-224, mixed mode, sharing, tiered, compressed oops, compressed class ptrs, g1 gc, windows-amd64)
# No core dump will be written. Minidumps are not enabled by default on client versions of Windows
#

---------------  S U M M A R Y ------------

Command Line: -Dmaven.multiModuleProjectDirectory=E:\2023_Sum_Ky7\PRM\ShopIT_Backend\ShopIT -Djansi.passthrough=true -Dmaven.home=C:\Users\tient\.m2\wrapper\dists\apache-maven-3.9.2-bin\5aq6rqcntpmkk4aam7p0t6i219\apache-maven-3.9.2 -Dclassworlds.conf=C:\Users\tient\.m2\wrapper\dists\apache-maven-3.9.2-bin\5aq6rqcntpmkk4aam7p0t6i219\apache-maven-3.9.2\bin\m2.conf -Dmaven.ext.class.path=C:\Program Files\JetBrains\IntelliJ IDEA 2023.1.1\plugins\maven\lib\maven-event-listener.jar -javaagent:C:\Program Files\JetBrains\IntelliJ IDEA 2023.1.1\lib\idea_rt.jar=58218:C:\Program Files\JetBrains\IntelliJ IDEA 2023.1.1\bin -Dfile.encoding=UTF-8 org.codehaus.classworlds.Launcher -Didea.version=2023.1.1 package

Host: Intel(R) Core(TM) i7-9750H CPU @ 2.60GHz, 12 cores, 15G,  Windows 11 , 64 bit Build 22621 (10.0.22621.1928)
Time: Thu Jul 20 00:37:20 2023 SE Asia Standard Time elapsed time: 1.517244 seconds (0d 0h 0m 1s)

---------------  T H R E A D  ---------------

Current thread (0x00000184ba01ba80):  JavaThread "C2 CompilerThread0" daemon [_thread_in_native, id=23196, stack(0x000000118c100000,0x000000118c200000)]


Current CompileTask:
C2:   1517 1469       4       jdk.internal.jimage.BasicImageReader::verifyLocation (39 bytes)

Stack: [0x000000118c100000,0x000000118c200000]
Native frames: (J=compiled Java code, j=interpreted, Vv=VM code, C=native code)
V  [jvm.dll+0x676a4a]
V  [jvm.dll+0x7d74f4]
V  [jvm.dll+0x7d8c9e]
V  [jvm.dll+0x7d9303]
V  [jvm.dll+0x2452c5]
V  [jvm.dll+0xaaa2b]
V  [jvm.dll+0xaafcc]
V  [jvm.dll+0x3613cf]
V  [jvm.dll+0x1bb36a]
V  [jvm.dll+0x217c27]
V  [jvm.dll+0x216f01]
V  [jvm.dll+0x1a35e0]
V  [jvm.dll+0x226a6e]
V  [jvm.dll+0x224e15]
V  [jvm.dll+0x78d05c]
V  [jvm.dll+0x78759a]
V  [jvm.dll+0x675875]
C  [ucrtbase.dll+0x29363]
C  [KERNEL32.DLL+0x126ad]
C  [ntdll.dll+0x5aa68]


---------------  P R O C E S S  ---------------

Threads class SMR info:
_java_thread_list=0x00000184ba7b7490, length=15, elements={
0x00000184964e2f60, 0x00000184ba0013f0, 0x00000184ba001eb0, 0x00000184ba014420,
0x00000184ba018d00, 0x00000184ba01a5d0, 0x00000184ba01ae90, 0x00000184ba01ba80,
0x00000184ba01c380, 0x00000184ba01f440, 0x00000184b8efa930, 0x00000184ba2708b0,
0x00000184ba1a1990, 0x00000184ba359960, 0x00000184ba97a820
}

Java Threads: ( => current thread )
  0x00000184964e2f60 JavaThread "main" [_thread_in_Java, id=2672, stack(0x000000118b400000,0x000000118b500000)]
  0x00000184ba0013f0 JavaThread "Reference Handler" daemon [_thread_blocked, id=11380, stack(0x000000118bb00000,0x000000118bc00000)]
  0x00000184ba001eb0 JavaThread "Finalizer" daemon [_thread_blocked, id=13520, stack(0x000000118bc00000,0x000000118bd00000)]
  0x00000184ba014420 JavaThread "Signal Dispatcher" daemon [_thread_blocked, id=22688, stack(0x000000118bd00000,0x000000118be00000)]
  0x00000184ba018d00 JavaThread "Attach Listener" daemon [_thread_blocked, id=7160, stack(0x000000118be00000,0x000000118bf00000)]
  0x00000184ba01a5d0 JavaThread "Service Thread" daemon [_thread_blocked, id=18776, stack(0x000000118bf00000,0x000000118c000000)]
  0x00000184ba01ae90 JavaThread "Monitor Deflation Thread" daemon [_thread_blocked, id=20316, stack(0x000000118c000000,0x000000118c100000)]
=>0x00000184ba01ba80 JavaThread "C2 CompilerThread0" daemon [_thread_in_native, id=23196, stack(0x000000118c100000,0x000000118c200000)]
  0x00000184ba01c380 JavaThread "C1 CompilerThread0" daemon [_thread_blocked, id=21552, stack(0x000000118c200000,0x000000118c300000)]
  0x00000184ba01f440 JavaThread "Sweeper thread" daemon [_thread_blocked, id=19680, stack(0x000000118c300000,0x000000118c400000)]
  0x00000184b8efa930 JavaThread "Common-Cleaner" daemon [_thread_blocked, id=13864, stack(0x000000118c400000,0x000000118c500000)]
  0x00000184ba2708b0 JavaThread "Monitor Ctrl-Break" daemon [_thread_in_native, id=7428, stack(0x000000118c500000,0x000000118c600000)]
  0x00000184ba1a1990 JavaThread "Notification Thread" daemon [_thread_blocked, id=9296, stack(0x000000118c600000,0x000000118c700000)]
  0x00000184ba359960 JavaThread "C2 CompilerThread1" daemon [_thread_blocked, id=22368, stack(0x000000118c800000,0x000000118c900000)]
  0x00000184ba97a820 JavaThread "C2 CompilerThread2" daemon [_thread_in_native, id=6776, stack(0x000000118c900000,0x000000118ca00000)]

Other Threads:
  0x00000184b8f0c9a0 VMThread "VM Thread" [stack: 0x000000118ba00000,0x000000118bb00000] [id=22768]
  0x00000184964e3a80 WatcherThread [stack: 0x000000118c700000,0x000000118c800000] [id=23400]
  0x00000184965499e0 GCTaskThread "GC Thread#0" [stack: 0x000000118b500000,0x000000118b600000] [id=22588]
  0x00000184ba2d4780 GCTaskThread "GC Thread#1" [stack: 0x000000118ca00000,0x000000118cb00000] [id=19700]
  0x00000184bac7bc40 GCTaskThread "GC Thread#2" [stack: 0x000000118cb00000,0x000000118cc00000] [id=20312]
  0x00000184ba7b81b0 GCTaskThread "GC Thread#3" [stack: 0x000000118cc00000,0x000000118cd00000] [id=18004]
  0x00000184ba7b88e0 GCTaskThread "GC Thread#4" [stack: 0x000000118cd00000,0x000000118ce00000] [id=9276]
  0x00000184ba7b8b90 GCTaskThread "GC Thread#5" [stack: 0x000000118ce00000,0x000000118cf00000] [id=21896]
  0x00000184bacac480 GCTaskThread "GC Thread#6" [stack: 0x000000118cf00000,0x000000118d000000] [id=20516]
  0x00000184bacac730 GCTaskThread "GC Thread#7" [stack: 0x000000118d000000,0x000000118d100000] [id=19480]
  0x000001849655a5e0 ConcurrentGCThread "G1 Main Marker" [stack: 0x000000118b600000,0x000000118b700000] [id=15104]
  0x000001849655af00 ConcurrentGCThread "G1 Conc#0" [stack: 0x000000118b700000,0x000000118b800000] [id=23256]
  0x00000184b8dd7720 ConcurrentGCThread "G1 Refine#0" [stack: 0x000000118b800000,0x000000118b900000] [id=12080]
  0x000001849659c090 ConcurrentGCThread "G1 Service" [stack: 0x000000118b900000,0x000000118ba00000] [id=19360]

Threads with active compile tasks:
C2 CompilerThread0     1564 1469       4       jdk.internal.jimage.BasicImageReader::verifyLocation (39 bytes)
C2 CompilerThread2     1565 1575       4       java.util.Comparator$$Lambda$63/0x0000000800c6d598::compare (16 bytes)

VM state: not at safepoint (normal execution)

VM Mutex/Monitor currently owned by a thread: None

Heap address: 0x0000000703a00000, size: 4038 MB, Compressed Oops mode: Zero based, Oop shift amount: 3

CDS archive(s) mapped at: [0x0000000800000000-0x0000000800bd0000-0x0000000800bd0000), size 12386304, SharedBaseAddress: 0x0000000800000000, ArchiveRelocationMode: 0.
Compressed class space mapped at: 0x0000000800c00000-0x0000000840c00000, reserved size: 1073741824
Narrow klass base: 0x0000000800000000, Narrow klass shift: 0, Narrow klass range: 0x100000000

GC Precious Log:
 CPUs: 12 total, 12 available
 Memory: 16148M
 Large Page Support: Disabled
 NUMA Support: Disabled
 Compressed Oops: Enabled (Zero based)
 Heap Region Size: 2M
 Heap Min Capacity: 8M
 Heap Initial Capacity: 254M
 Heap Max Capacity: 4038M
 Pre-touch: Disabled
 Parallel Workers: 10
 Concurrent Workers: 3
 Concurrent Refinement Workers: 10
 Periodic GC: Disabled

Heap:
 garbage-first heap   total 260096K, used 26488K [0x0000000703a00000, 0x0000000800000000)
  region size 2048K, 14 young (28672K), 2 survivors (4096K)
 Metaspace       used 8167K, committed 8448K, reserved 1064960K
  class space    used 965K, committed 1088K, reserved 1048576K

Heap Regions: E=young(eden), S=young(survivor), O=old, HS=humongous(starts), HC=humongous(continues), CS=collection set, F=free, OA=open archive, CA=closed archive, TAMS=top-at-mark-start (previous, next)
|   0|0x0000000703a00000, 0x0000000703a00000, 0x0000000703c00000|  0%| F|  |TAMS 0x0000000703a00000, 0x0000000703a00000| Untracked 
|   1|0x0000000703c00000, 0x0000000703c00000, 0x0000000703e00000|  0%| F|  |TAMS 0x0000000703c00000, 0x0000000703c00000| Untracked 
|   2|0x0000000703e00000, 0x0000000703e00000, 0x0000000704000000|  0%| F|  |TAMS 0x0000000703e00000, 0x0000000703e00000| Untracked 
|   3|0x0000000704000000, 0x0000000704000000, 0x0000000704200000|  0%| F|  |TAMS 0x0000000704000000, 0x0000000704000000| Untracked 
|   4|0x0000000704200000, 0x0000000704200000, 0x0000000704400000|  0%| F|  |TAMS 0x0000000704200000, 0x0000000704200000| Untracked 
|   5|0x0000000704400000, 0x0000000704400000, 0x0000000704600000|  0%| F|  |TAMS 0x0000000704400000, 0x0000000704400000| Untracked 
|   6|0x0000000704600000, 0x0000000704600000, 0x0000000704800000|  0%| F|  |TAMS 0x0000000704600000, 0x0000000704600000| Untracked 
|   7|0x0000000704800000, 0x0000000704800000, 0x0000000704a00000|  0%| F|  |TAMS 0x0000000704800000, 0x0000000704800000| Untracked 
|   8|0x0000000704a00000, 0x0000000704a00000, 0x0000000704c00000|  0%| F|  |TAMS 0x0000000704a00000, 0x0000000704a00000| Untracked 
|   9|0x0000000704c00000, 0x0000000704c00000, 0x0000000704e00000|  0%| F|  |TAMS 0x0000000704c00000, 0x0000000704c00000| Untracked 
|  10|0x0000000704e00000, 0x0000000704e00000, 0x0000000705000000|  0%| F|  |TAMS 0x0000000704e00000, 0x0000000704e00000| Untracked 
|  11|0x0000000705000000, 0x0000000705000000, 0x0000000705200000|  0%| F|  |TAMS 0x0000000705000000, 0x0000000705000000| Untracked 
|  12|0x0000000705200000, 0x0000000705200000, 0x0000000705400000|  0%| F|  |TAMS 0x0000000705200000, 0x0000000705200000| Untracked 
|  13|0x0000000705400000, 0x0000000705400000, 0x0000000705600000|  0%| F|  |TAMS 0x0000000705400000, 0x0000000705400000| Untracked 
|  14|0x0000000705600000, 0x0000000705600000, 0x0000000705800000|  0%| F|  |TAMS 0x0000000705600000, 0x0000000705600000| Untracked 
|  15|0x0000000705800000, 0x0000000705800000, 0x0000000705a00000|  0%| F|  |TAMS 0x0000000705800000, 0x0000000705800000| Untracked 
|  16|0x0000000705a00000, 0x0000000705a00000, 0x0000000705c00000|  0%| F|  |TAMS 0x0000000705a00000, 0x0000000705a00000| Untracked 
|  17|0x0000000705c00000, 0x0000000705c00000, 0x0000000705e00000|  0%| F|  |TAMS 0x0000000705c00000, 0x0000000705c00000| Untracked 
|  18|0x0000000705e00000, 0x0000000705e00000, 0x0000000706000000|  0%| F|  |TAMS 0x0000000705e00000, 0x0000000705e00000| Untracked 
|  19|0x0000000706000000, 0x0000000706000000, 0x0000000706200000|  0%| F|  |TAMS 0x0000000706000000, 0x0000000706000000| Untracked 
|  20|0x0000000706200000, 0x0000000706200000, 0x0000000706400000|  0%| F|  |TAMS 0x0000000706200000, 0x0000000706200000| Untracked 
|  21|0x0000000706400000, 0x0000000706400000, 0x0000000706600000|  0%| F|  |TAMS 0x0000000706400000, 0x0000000706400000| Untracked 
|  22|0x0000000706600000, 0x0000000706600000, 0x0000000706800000|  0%| F|  |TAMS 0x0000000706600000, 0x0000000706600000| Untracked 
|  23|0x0000000706800000, 0x0000000706800000, 0x0000000706a00000|  0%| F|  |TAMS 0x0000000706800000, 0x0000000706800000| Untracked 
|  24|0x0000000706a00000, 0x0000000706a00000, 0x0000000706c00000|  0%| F|  |TAMS 0x0000000706a00000, 0x0000000706a00000| Untracked 
|  25|0x0000000706c00000, 0x0000000706c00000, 0x0000000706e00000|  0%| F|  |TAMS 0x0000000706c00000, 0x0000000706c00000| Untracked 
|  26|0x0000000706e00000, 0x0000000706e00000, 0x0000000707000000|  0%| F|  |TAMS 0x0000000706e00000, 0x0000000706e00000| Untracked 
|  27|0x0000000707000000, 0x0000000707000000, 0x0000000707200000|  0%| F|  |TAMS 0x0000000707000000, 0x0000000707000000| Untracked 
|  28|0x0000000707200000, 0x0000000707200000, 0x0000000707400000|  0%| F|  |TAMS 0x0000000707200000, 0x0000000707200000| Untracked 
|  29|0x0000000707400000, 0x0000000707400000, 0x0000000707600000|  0%| F|  |TAMS 0x0000000707400000, 0x0000000707400000| Untracked 
|  30|0x0000000707600000, 0x0000000707600000, 0x0000000707800000|  0%| F|  |TAMS 0x0000000707600000, 0x0000000707600000| Untracked 
|  31|0x0000000707800000, 0x0000000707800000, 0x0000000707a00000|  0%| F|  |TAMS 0x0000000707800000, 0x0000000707800000| Untracked 
|  32|0x0000000707a00000, 0x0000000707a00000, 0x0000000707c00000|  0%| F|  |TAMS 0x0000000707a00000, 0x0000000707a00000| Untracked 
|  33|0x0000000707c00000, 0x0000000707c00000, 0x0000000707e00000|  0%| F|  |TAMS 0x0000000707c00000, 0x0000000707c00000| Untracked 
|  34|0x0000000707e00000, 0x0000000707e00000, 0x0000000708000000|  0%| F|  |TAMS 0x0000000707e00000, 0x0000000707e00000| Untracked 
|  35|0x0000000708000000, 0x0000000708000000, 0x0000000708200000|  0%| F|  |TAMS 0x0000000708000000, 0x0000000708000000| Untracked 
|  36|0x0000000708200000, 0x0000000708200000, 0x0000000708400000|  0%| F|  |TAMS 0x0000000708200000, 0x0000000708200000| Untracked 
|  37|0x0000000708400000, 0x0000000708400000, 0x0000000708600000|  0%| F|  |TAMS 0x0000000708400000, 0x0000000708400000| Untracked 
|  38|0x0000000708600000, 0x0000000708600000, 0x0000000708800000|  0%| F|  |TAMS 0x0000000708600000, 0x0000000708600000| Untracked 
|  39|0x0000000708800000, 0x0000000708800000, 0x0000000708a00000|  0%| F|  |TAMS 0x0000000708800000, 0x0000000708800000| Untracked 
|  40|0x0000000708a00000, 0x0000000708a00000, 0x0000000708c00000|  0%| F|  |TAMS 0x0000000708a00000, 0x0000000708a00000| Untracked 
|  41|0x0000000708c00000, 0x0000000708c00000, 0x0000000708e00000|  0%| F|  |TAMS 0x0000000708c00000, 0x0000000708c00000| Untracked 
|  42|0x0000000708e00000, 0x0000000708e00000, 0x0000000709000000|  0%| F|  |TAMS 0x0000000708e00000, 0x0000000708e00000| Untracked 
|  43|0x0000000709000000, 0x0000000709000000, 0x0000000709200000|  0%| F|  |TAMS 0x0000000709000000, 0x0000000709000000| Untracked 
|  44|0x0000000709200000, 0x0000000709200000, 0x0000000709400000|  0%| F|  |TAMS 0x0000000709200000, 0x0000000709200000| Untracked 
|  45|0x0000000709400000, 0x0000000709400000, 0x0000000709600000|  0%| F|  |TAMS 0x0000000709400000, 0x0000000709400000| Untracked 
|  46|0x0000000709600000, 0x0000000709600000, 0x0000000709800000|  0%| F|  |TAMS 0x0000000709600000, 0x0000000709600000| Untracked 
|  47|0x0000000709800000, 0x0000000709800000, 0x0000000709a00000|  0%| F|  |TAMS 0x0000000709800000, 0x0000000709800000| Untracked 
|  48|0x0000000709a00000, 0x0000000709a00000, 0x0000000709c00000|  0%| F|  |TAMS 0x0000000709a00000, 0x0000000709a00000| Untracked 
|  49|0x0000000709c00000, 0x0000000709c00000, 0x0000000709e00000|  0%| F|  |TAMS 0x0000000709c00000, 0x0000000709c00000| Untracked 
|  50|0x0000000709e00000, 0x0000000709e00000, 0x000000070a000000|  0%| F|  |TAMS 0x0000000709e00000, 0x0000000709e00000| Untracked 
|  51|0x000000070a000000, 0x000000070a000000, 0x000000070a200000|  0%| F|  |TAMS 0x000000070a000000, 0x000000070a000000| Untracked 
|  52|0x000000070a200000, 0x000000070a200000, 0x000000070a400000|  0%| F|  |TAMS 0x000000070a200000, 0x000000070a200000| Untracked 
|  53|0x000000070a400000, 0x000000070a400000, 0x000000070a600000|  0%| F|  |TAMS 0x000000070a400000, 0x000000070a400000| Untracked 
|  54|0x000000070a600000, 0x000000070a600000, 0x000000070a800000|  0%| F|  |TAMS 0x000000070a600000, 0x000000070a600000| Untracked 
|  55|0x000000070a800000, 0x000000070a800000, 0x000000070aa00000|  0%| F|  |TAMS 0x000000070a800000, 0x000000070a800000| Untracked 
|  56|0x000000070aa00000, 0x000000070aa00000, 0x000000070ac00000|  0%| F|  |TAMS 0x000000070aa00000, 0x000000070aa00000| Untracked 
|  57|0x000000070ac00000, 0x000000070ac00000, 0x000000070ae00000|  0%| F|  |TAMS 0x000000070ac00000, 0x000000070ac00000| Untracked 
|  58|0x000000070ae00000, 0x000000070ae00000, 0x000000070b000000|  0%| F|  |TAMS 0x000000070ae00000, 0x000000070ae00000| Untracked 
|  59|0x000000070b000000, 0x000000070b000000, 0x000000070b200000|  0%| F|  |TAMS 0x000000070b000000, 0x000000070b000000| Untracked 
|  60|0x000000070b200000, 0x000000070b200000, 0x000000070b400000|  0%| F|  |TAMS 0x000000070b200000, 0x000000070b200000| Untracked 
|  61|0x000000070b400000, 0x000000070b400000, 0x000000070b600000|  0%| F|  |TAMS 0x000000070b400000, 0x000000070b400000| Untracked 
|  62|0x000000070b600000, 0x000000070b600000, 0x000000070b800000|  0%| F|  |TAMS 0x000000070b600000, 0x000000070b600000| Untracked 
|  63|0x000000070b800000, 0x000000070b800000, 0x000000070ba00000|  0%| F|  |TAMS 0x000000070b800000, 0x000000070b800000| Untracked 
|  64|0x000000070ba00000, 0x000000070ba00000, 0x000000070bc00000|  0%| F|  |TAMS 0x000000070ba00000, 0x000000070ba00000| Untracked 
|  65|0x000000070bc00000, 0x000000070bc00000, 0x000000070be00000|  0%| F|  |TAMS 0x000000070bc00000, 0x000000070bc00000| Untracked 
|  66|0x000000070be00000, 0x000000070be00000, 0x000000070c000000|  0%| F|  |TAMS 0x000000070be00000, 0x000000070be00000| Untracked 
|  67|0x000000070c000000, 0x000000070c000000, 0x000000070c200000|  0%| F|  |TAMS 0x000000070c000000, 0x000000070c000000| Untracked 
|  68|0x000000070c200000, 0x000000070c200000, 0x000000070c400000|  0%| F|  |TAMS 0x000000070c200000, 0x000000070c200000| Untracked 
|  69|0x000000070c400000, 0x000000070c400000, 0x000000070c600000|  0%| F|  |TAMS 0x000000070c400000, 0x000000070c400000| Untracked 
|  70|0x000000070c600000, 0x000000070c600000, 0x000000070c800000|  0%| F|  |TAMS 0x000000070c600000, 0x000000070c600000| Untracked 
|  71|0x000000070c800000, 0x000000070c800000, 0x000000070ca00000|  0%| F|  |TAMS 0x000000070c800000, 0x000000070c800000| Untracked 
|  72|0x000000070ca00000, 0x000000070ca00000, 0x000000070cc00000|  0%| F|  |TAMS 0x000000070ca00000, 0x000000070ca00000| Untracked 
|  73|0x000000070cc00000, 0x000000070cc00000, 0x000000070ce00000|  0%| F|  |TAMS 0x000000070cc00000, 0x000000070cc00000| Untracked 
|  74|0x000000070ce00000, 0x000000070ce00000, 0x000000070d000000|  0%| F|  |TAMS 0x000000070ce00000, 0x000000070ce00000| Untracked 
|  75|0x000000070d000000, 0x000000070d000000, 0x000000070d200000|  0%| F|  |TAMS 0x000000070d000000, 0x000000070d000000| Untracked 
|  76|0x000000070d200000, 0x000000070d200000, 0x000000070d400000|  0%| F|  |TAMS 0x000000070d200000, 0x000000070d200000| Untracked 
|  77|0x000000070d400000, 0x000000070d400000, 0x000000070d600000|  0%| F|  |TAMS 0x000000070d400000, 0x000000070d400000| Untracked 
|  78|0x000000070d600000, 0x000000070d600000, 0x000000070d800000|  0%| F|  |TAMS 0x000000070d600000, 0x000000070d600000| Untracked 
|  79|0x000000070d800000, 0x000000070d800000, 0x000000070da00000|  0%| F|  |TAMS 0x000000070d800000, 0x000000070d800000| Untracked 
|  80|0x000000070da00000, 0x000000070da00000, 0x000000070dc00000|  0%| F|  |TAMS 0x000000070da00000, 0x000000070da00000| Untracked 
|  81|0x000000070dc00000, 0x000000070dc00000, 0x000000070de00000|  0%| F|  |TAMS 0x000000070dc00000, 0x000000070dc00000| Untracked 
|  82|0x000000070de00000, 0x000000070de00000, 0x000000070e000000|  0%| F|  |TAMS 0x000000070de00000, 0x000000070de00000| Untracked 
|  83|0x000000070e000000, 0x000000070e000000, 0x000000070e200000|  0%| F|  |TAMS 0x000000070e000000, 0x000000070e000000| Untracked 
|  84|0x000000070e200000, 0x000000070e200000, 0x000000070e400000|  0%| F|  |TAMS 0x000000070e200000, 0x000000070e200000| Untracked 
|  85|0x000000070e400000, 0x000000070e400000, 0x000000070e600000|  0%| F|  |TAMS 0x000000070e400000, 0x000000070e400000| Untracked 
|  86|0x000000070e600000, 0x000000070e600000, 0x000000070e800000|  0%| F|  |TAMS 0x000000070e600000, 0x000000070e600000| Untracked 
|  87|0x000000070e800000, 0x000000070e800000, 0x000000070ea00000|  0%| F|  |TAMS 0x000000070e800000, 0x000000070e800000| Untracked 
|  88|0x000000070ea00000, 0x000000070ea00000, 0x000000070ec00000|  0%| F|  |TAMS 0x000000070ea00000, 0x000000070ea00000| Untracked 
|  89|0x000000070ec00000, 0x000000070ec00000, 0x000000070ee00000|  0%| F|  |TAMS 0x000000070ec00000, 0x000000070ec00000| Untracked 
|  90|0x000000070ee00000, 0x000000070ee00000, 0x000000070f000000|  0%| F|  |TAMS 0x000000070ee00000, 0x000000070ee00000| Untracked 
|  91|0x000000070f000000, 0x000000070f000000, 0x000000070f200000|  0%| F|  |TAMS 0x000000070f000000, 0x000000070f000000| Untracked 
|  92|0x000000070f200000, 0x000000070f200000, 0x000000070f400000|  0%| F|  |TAMS 0x000000070f200000, 0x000000070f200000| Untracked 
|  93|0x000000070f400000, 0x000000070f400000, 0x000000070f600000|  0%| F|  |TAMS 0x000000070f400000, 0x000000070f400000| Untracked 
|  94|0x000000070f600000, 0x000000070f600000, 0x000000070f800000|  0%| F|  |TAMS 0x000000070f600000, 0x000000070f600000| Untracked 
|  95|0x000000070f800000, 0x000000070f800000, 0x000000070fa00000|  0%| F|  |TAMS 0x000000070f800000, 0x000000070f800000| Untracked 
|  96|0x000000070fa00000, 0x000000070fa00000, 0x000000070fc00000|  0%| F|  |TAMS 0x000000070fa00000, 0x000000070fa00000| Untracked 
|  97|0x000000070fc00000, 0x000000070fc00000, 0x000000070fe00000|  0%| F|  |TAMS 0x000000070fc00000, 0x000000070fc00000| Untracked 
|  98|0x000000070fe00000, 0x000000070fe00000, 0x0000000710000000|  0%| F|  |TAMS 0x000000070fe00000, 0x000000070fe00000| Untracked 
|  99|0x0000000710000000, 0x0000000710000000, 0x0000000710200000|  0%| F|  |TAMS 0x0000000710000000, 0x0000000710000000| Untracked 
| 100|0x0000000710200000, 0x0000000710200000, 0x0000000710400000|  0%| F|  |TAMS 0x0000000710200000, 0x0000000710200000| Untracked 
| 101|0x0000000710400000, 0x0000000710400000, 0x0000000710600000|  0%| F|  |TAMS 0x0000000710400000, 0x0000000710400000| Untracked 
| 102|0x0000000710600000, 0x0000000710600000, 0x0000000710800000|  0%| F|  |TAMS 0x0000000710600000, 0x0000000710600000| Untracked 
| 103|0x0000000710800000, 0x0000000710800000, 0x0000000710a00000|  0%| F|  |TAMS 0x0000000710800000, 0x0000000710800000| Untracked 
| 104|0x0000000710a00000, 0x0000000710a00000, 0x0000000710c00000|  0%| F|  |TAMS 0x0000000710a00000, 0x0000000710a00000| Untracked 
| 105|0x0000000710c00000, 0x0000000710c00000, 0x0000000710e00000|  0%| F|  |TAMS 0x0000000710c00000, 0x0000000710c00000| Untracked 
| 106|0x0000000710e00000, 0x0000000710e00000, 0x0000000711000000|  0%| F|  |TAMS 0x0000000710e00000, 0x0000000710e00000| Untracked 
| 107|0x0000000711000000, 0x0000000711000000, 0x0000000711200000|  0%| F|  |TAMS 0x0000000711000000, 0x0000000711000000| Untracked 
| 108|0x0000000711200000, 0x0000000711200000, 0x0000000711400000|  0%| F|  |TAMS 0x0000000711200000, 0x0000000711200000| Untracked 
| 109|0x0000000711400000, 0x0000000711400000, 0x0000000711600000|  0%| F|  |TAMS 0x0000000711400000, 0x0000000711400000| Untracked 
| 110|0x0000000711600000, 0x0000000711600000, 0x0000000711800000|  0%| F|  |TAMS 0x0000000711600000, 0x0000000711600000| Untracked 
| 111|0x0000000711800000, 0x0000000711800000, 0x0000000711a00000|  0%| F|  |TAMS 0x0000000711800000, 0x0000000711800000| Untracked 
| 112|0x0000000711a00000, 0x0000000711a00000, 0x0000000711c00000|  0%| F|  |TAMS 0x0000000711a00000, 0x0000000711a00000| Untracked 
| 113|0x0000000711c00000, 0x0000000711da3080, 0x0000000711e00000| 81%| E|  |TAMS 0x0000000711c00000, 0x0000000711c00000| Complete 
| 114|0x0000000711e00000, 0x0000000711fde010, 0x0000000712000000| 93%| S|CS|TAMS 0x0000000711e00000, 0x0000000711e00000| Complete 
| 115|0x0000000712000000, 0x0000000712200000, 0x0000000712200000|100%| S|CS|TAMS 0x0000000712000000, 0x0000000712000000| Complete 
| 116|0x0000000712200000, 0x0000000712400000, 0x0000000712400000|100%| E|CS|TAMS 0x0000000712200000, 0x0000000712200000| Complete 
| 117|0x0000000712400000, 0x0000000712600000, 0x0000000712600000|100%| E|CS|TAMS 0x0000000712400000, 0x0000000712400000| Complete 
| 118|0x0000000712600000, 0x0000000712800000, 0x0000000712800000|100%| E|CS|TAMS 0x0000000712600000, 0x0000000712600000| Complete 
| 119|0x0000000712800000, 0x0000000712a00000, 0x0000000712a00000|100%| E|CS|TAMS 0x0000000712800000, 0x0000000712800000| Complete 
| 120|0x0000000712a00000, 0x0000000712c00000, 0x0000000712c00000|100%| E|CS|TAMS 0x0000000712a00000, 0x0000000712a00000| Complete 
| 121|0x0000000712c00000, 0x0000000712e00000, 0x0000000712e00000|100%| E|CS|TAMS 0x0000000712c00000, 0x0000000712c00000| Complete 
| 122|0x0000000712e00000, 0x0000000713000000, 0x0000000713000000|100%| E|CS|TAMS 0x0000000712e00000, 0x0000000712e00000| Complete 
| 123|0x0000000713000000, 0x0000000713200000, 0x0000000713200000|100%| E|CS|TAMS 0x0000000713000000, 0x0000000713000000| Complete 
| 124|0x0000000713200000, 0x0000000713400000, 0x0000000713400000|100%| E|CS|TAMS 0x0000000713200000, 0x0000000713200000| Complete 
| 125|0x0000000713400000, 0x0000000713600000, 0x0000000713600000|100%| E|CS|TAMS 0x0000000713400000, 0x0000000713400000| Complete 
| 126|0x0000000713600000, 0x0000000713800000, 0x0000000713800000|100%| E|CS|TAMS 0x0000000713600000, 0x0000000713600000| Complete 

Card table byte_map: [0x00000184adaa0000,0x00000184ae290000] _byte_map_base: 0x00000184aa283000

Marking Bits (Prev, Next): (CMBitMap*) 0x0000018496549f00, (CMBitMap*) 0x0000018496549f40
 Prev Bits: [0x00000184aea80000, 0x00000184b2998000)
 Next Bits: [0x00000184b29a0000, 0x00000184b68b8000)

Polling page: 0x0000018494450000

Metaspace:

Usage:
  Non-class:      7.06 MB used.
      Class:    973.15 KB used.
       Both:      8.01 MB used.

Virtual space:
  Non-class space:       16.00 MB reserved,       7.19 MB ( 45%) committed,  2 nodes.
      Class space:        1.00 GB reserved,       1.06 MB ( <1%) committed,  1 nodes.
             Both:        1.02 GB reserved,       8.25 MB ( <1%) committed. 

Chunk freelists:
   Non-Class:  3.59 MB
       Class:  2.95 MB
        Both:  6.54 MB

MaxMetaspaceSize: unlimited
CompressedClassSpaceSize: 1.00 GB
Initial GC threshold: 21.00 MB
Current GC threshold: 21.00 MB
CDS: on
MetaspaceReclaimPolicy: balanced
 - commit_granule_bytes: 65536.
 - commit_granule_words: 8192.
 - virtual_space_node_default_size: 1048576.
 - enlarge_chunks_in_place: 1.
 - new_chunks_are_fully_committed: 0.
 - uncommit_free_chunks: 1.
 - use_allocation_guard: 0.
 - handle_deallocations: 1.


Internal statistics:

num_allocs_failed_limit: 0.
num_arena_births: 52.
num_arena_deaths: 0.
num_vsnodes_births: 3.
num_vsnodes_deaths: 0.
num_space_committed: 132.
num_space_uncommitted: 0.
num_chunks_returned_to_freelist: 0.
num_chunks_taken_from_freelist: 309.
num_chunk_merges: 0.
num_chunk_splits: 197.
num_chunks_enlarged: 155.
num_purges: 0.
num_inconsistent_stats: 0.

CodeHeap 'non-profiled nmethods': size=120000Kb used=699Kb max_used=699Kb free=119300Kb
 bounds [0x00000184a5830000, 0x00000184a5aa0000, 0x00000184acd60000]
CodeHeap 'profiled nmethods': size=120000Kb used=3148Kb max_used=3148Kb free=116851Kb
 bounds [0x000001849dd60000, 0x000001849e080000, 0x00000184a5290000]
CodeHeap 'non-nmethods': size=5760Kb used=1159Kb max_used=1205Kb free=4600Kb
 bounds [0x00000184a5290000, 0x00000184a5500000, 0x00000184a5830000]
 total_blobs=2037 nmethods=1586 adapters=363
 compilation: enabled
              stopped_count=0, restarted_count=0
 full_count=0

Compilation events (20 events):
Event: 1.450 Thread 0x00000184ba01c380 nmethod 1520 0x000001849e04ac90 code [0x000001849e04ae80, 0x000001849e04b5f8]
Event: 1.453 Thread 0x00000184ba01c380 1522       3       java.lang.Class::isAnnotationPresent (6 bytes)
Event: 1.454 Thread 0x00000184ba01c380 nmethod 1522 0x000001849e04b790 code [0x000001849e04b980, 0x000001849e04bf28]
Event: 1.457 Thread 0x00000184ba01c380 1523       3       org.eclipse.sisu.space.IndexedClassFinder$1::hasMoreElements (83 bytes)
Event: 1.457 Thread 0x00000184ba97a820 nmethod 1503 0x00000184a58d7690 code [0x00000184a58d7840, 0x00000184a58d7e48]
Event: 1.457 Thread 0x00000184ba97a820 1508       4       java.util.Objects::requireNonNull (15 bytes)
Event: 1.458 Thread 0x00000184ba97a820 nmethod 1508 0x00000184a58d8110 code [0x00000184a58d8280, 0x00000184a58d82f8]
Event: 1.458 Thread 0x00000184ba97a820 1500       4       java.lang.String::startsWith (7 bytes)
Event: 1.459 Thread 0x00000184ba01c380 nmethod 1523 0x000001849e04c110 code [0x000001849e04c3a0, 0x000001849e04d058]
Event: 1.469 Thread 0x00000184ba97a820 nmethod 1500 0x00000184a58d8410 code [0x00000184a58d85a0, 0x00000184a58d8838]
Event: 1.469 Thread 0x00000184ba01c380 1524       3       com.google.inject.internal.AbstractBindingBuilder::checkNotTargetted (26 bytes)
Event: 1.469 Thread 0x00000184ba01c380 nmethod 1524 0x000001849e04d410 code [0x000001849e04d5c0, 0x000001849e04d948]
Event: 1.470 Thread 0x00000184ba01c380 1525       3       java.util.Spliterators::checkFromToBounds (74 bytes)
Event: 1.471 Thread 0x00000184ba01c380 nmethod 1525 0x000001849e04da90 code [0x000001849e04dd40, 0x000001849e04e7a8]
Event: 1.471 Thread 0x00000184ba01c380 1526       3       java.util.Spliterators$ArraySpliterator::forEachRemaining (68 bytes)
Event: 1.472 Thread 0x00000184ba01c380 nmethod 1526 0x000001849e04ec10 code [0x000001849e04ede0, 0x000001849e04f278]
Event: 1.472 Thread 0x00000184ba01c380 1527       3       java.util.HashSet::contains (9 bytes)
Event: 1.473 Thread 0x00000184ba01c380 nmethod 1527 0x000001849e04f410 code [0x000001849e04f5c0, 0x000001849e04f7a8]
Event: 1.473 Thread 0x00000184ba01c380 1528       3       java.util.Arrays::hashCode (56 bytes)
Event: 1.473 Thread 0x00000184ba01c380 nmethod 1528 0x000001849e04f890 code [0x000001849e04fa40, 0x000001849e04fda8]

GC Heap History (2 events):
Event: 0.948 GC heap before
{Heap before GC invocations=0 (full 0):
 garbage-first heap   total 260096K, used 22528K [0x0000000703a00000, 0x0000000800000000)
  region size 2048K, 11 young (22528K), 0 survivors (0K)
 Metaspace       used 5706K, committed 5888K, reserved 1056768K
  class space    used 679K, committed 768K, reserved 1048576K
}
Event: 0.956 GC heap after
{Heap after GC invocations=1 (full 0):
 garbage-first heap   total 260096K, used 3960K [0x0000000703a00000, 0x0000000800000000)
  region size 2048K, 2 young (4096K), 2 survivors (4096K)
 Metaspace       used 5706K, committed 5888K, reserved 1056768K
  class space    used 679K, committed 768K, reserved 1048576K
}

Deoptimization events (20 events):
Event: 1.231 Thread 0x00000184964e2f60 Uncommon trap: trap_request=0xffffffde fr.pc=0x00000184a5882b84 relative=0x0000000000000444
Event: 1.231 Thread 0x00000184964e2f60 Uncommon trap: reason=class_check action=maybe_recompile pc=0x00000184a5882b84 method=java.util.HashMap.getNode(Ljava/lang/Object;)Ljava/util/HashMap$Node; @ 128 c2
Event: 1.231 Thread 0x00000184964e2f60 DEOPT PACKING pc=0x00000184a5882b84 sp=0x000000118b4fd710
Event: 1.231 Thread 0x00000184964e2f60 DEOPT UNPACKING pc=0x00000184a52e23a3 sp=0x000000118b4fd688 mode 2
Event: 1.236 Thread 0x00000184964e2f60 Uncommon trap: trap_request=0xffffffde fr.pc=0x00000184a5882b84 relative=0x0000000000000444
Event: 1.236 Thread 0x00000184964e2f60 Uncommon trap: reason=class_check action=maybe_recompile pc=0x00000184a5882b84 method=java.util.HashMap.getNode(Ljava/lang/Object;)Ljava/util/HashMap$Node; @ 128 c2
Event: 1.236 Thread 0x00000184964e2f60 DEOPT PACKING pc=0x00000184a5882b84 sp=0x000000118b4fd710
Event: 1.236 Thread 0x00000184964e2f60 DEOPT UNPACKING pc=0x00000184a52e23a3 sp=0x000000118b4fd688 mode 2
Event: 1.274 Thread 0x00000184964e2f60 DEOPT PACKING pc=0x000001849df7b0b4 sp=0x000000118b4fdad0
Event: 1.274 Thread 0x00000184964e2f60 DEOPT UNPACKING pc=0x00000184a52e2b43 sp=0x000000118b4fcf40 mode 0
Event: 1.391 Thread 0x00000184964e2f60 Uncommon trap: trap_request=0xffffff45 fr.pc=0x00000184a58cc29c relative=0x00000000000012fc
Event: 1.391 Thread 0x00000184964e2f60 Uncommon trap: reason=unstable_if action=reinterpret pc=0x00000184a58cc29c method=jdk.internal.jimage.ImageLocation.verifyName(Ljava/lang/String;Ljava/lang/String;IIIIIILjdk/internal/jimage/ImageStrings;)Z @ 2 c2
Event: 1.391 Thread 0x00000184964e2f60 DEOPT PACKING pc=0x00000184a58cc29c sp=0x000000118b4fd620
Event: 1.391 Thread 0x00000184964e2f60 DEOPT UNPACKING pc=0x00000184a52e23a3 sp=0x000000118b4fd518 mode 2
Event: 1.395 Thread 0x00000184ba018d00 Uncommon trap: trap_request=0xffffffc6 fr.pc=0x00000184a5892928 relative=0x0000000000000368
Event: 1.395 Thread 0x00000184ba018d00 Uncommon trap: reason=bimorphic_or_optimized_type_check action=maybe_recompile pc=0x00000184a5892928 method=java.nio.Buffer.<init>(IIIILjdk/internal/access/foreign/MemorySegmentProxy;)V @ 39 c2
Event: 1.395 Thread 0x00000184ba018d00 DEOPT PACKING pc=0x00000184a5892928 sp=0x000000118befdab0
Event: 1.395 Thread 0x00000184ba018d00 DEOPT UNPACKING pc=0x00000184a52e23a3 sp=0x000000118befda88 mode 2
Event: 1.420 Thread 0x00000184964e2f60 DEOPT PACKING pc=0x000001849dde755b sp=0x000000118b4fd8d0
Event: 1.420 Thread 0x00000184964e2f60 DEOPT UNPACKING pc=0x00000184a52e2b43 sp=0x000000118b4fcdf0 mode 0

Classes unloaded (0 events):
No events

Classes redefined (0 events):
No events

Internal exceptions (14 events):
Event: 0.133 Thread 0x00000184ba2708b0 Exception <a 'java/lang/NoSuchMethodError'{0x0000000713475968}: 'java.lang.Object java.lang.invoke.DirectMethodHandle$Holder.invokeStaticInit(java.lang.Object)'> (0x0000000713475968) 
thrown [s\open\src\hotspot\share\interpreter\linkResolver.cpp, line 759]
Event: 0.144 Thread 0x00000184ba2708b0 Exception <a 'java/lang/NoSuchMethodError'{0x0000000713483130}: 'void java.lang.invoke.DirectMethodHandle$Holder.invokeStatic(java.lang.Object, java.lang.Object)'> (0x0000000713483130) 
thrown [s\open\src\hotspot\share\interpreter\linkResolver.cpp, line 759]
Event: 0.174 Thread 0x00000184964e2f60 Exception <a 'java/lang/NoSuchMethodError'{0x00000007134fee50}: 'int java.lang.invoke.DirectMethodHandle$Holder.invokeSpecial(java.lang.Object, java.lang.Object, java.lang.Object)'> (0x00000007134fee50) 
thrown [s\open\src\hotspot\share\interpreter\linkResolver.cpp, line 759]
Event: 0.310 Thread 0x00000184964e2f60 Exception <a 'java/lang/NullPointerException'{0x000000071335a760}> (0x000000071335a760) 
thrown [s\open\src\hotspot\share\interpreter\linkResolver.cpp, line 1350]
Event: 0.388 Thread 0x00000184964e2f60 Exception <a 'java/lang/NoSuchMethodError'{0x0000000713075ee8}: 'void java.lang.invoke.DirectMethodHandle$Holder.invokeStatic(java.lang.Object, java.lang.Object, java.lang.Object)'> (0x0000000713075ee8) 
thrown [s\open\src\hotspot\share\interpreter\linkResolver.cpp, line 759]
Event: 0.403 Thread 0x00000184964e2f60 Exception <a 'java/lang/NoSuchMethodError'{0x00000007130d2b80}: 'int java.lang.invoke.DirectMethodHandle$Holder.invokeStatic(java.lang.Object, java.lang.Object, int)'> (0x00000007130d2b80) 
thrown [s\open\src\hotspot\share\interpreter\linkResolver.cpp, line 759]
Event: 0.488 Thread 0x00000184964e2f60 Exception <a 'java/lang/NoSuchMethodError'{0x0000000712e52030}: 'java.lang.Object java.lang.invoke.DirectMethodHandle$Holder.invokeSpecialIFC(java.lang.Object, java.lang.Object, java.lang.Object, java.lang.Object)'> (0x0000000712e52030) 
thrown [s\open\src\hotspot\share\interpreter\linkResolver.cpp, line 759]
Event: 0.716 Thread 0x00000184964e2f60 Exception <a 'java/lang/NoSuchMethodError'{0x0000000712831e20}: 'void java.lang.invoke.DirectMethodHandle$Holder.invokeSpecial(java.lang.Object, java.lang.Object, java.lang.Object)'> (0x0000000712831e20) 
thrown [s\open\src\hotspot\share\interpreter\linkResolver.cpp, line 759]
Event: 0.761 Thread 0x00000184964e2f60 Exception <a 'java/lang/NoSuchMethodError'{0x0000000712998688}: 'java.lang.Object java.lang.invoke.DirectMethodHandle$Holder.invokeInterface(java.lang.Object, java.lang.Object)'> (0x0000000712998688) 
thrown [s\open\src\hotspot\share\interpreter\linkResolver.cpp, line 759]
Event: 0.779 Thread 0x00000184964e2f60 Exception <a 'java/lang/NoSuchMethodError'{0x0000000712647e00}: 'java.lang.Object java.lang.invoke.Invokers$Holder.invokeExact_MT(java.lang.Object, java.lang.Object, java.lang.Object, java.lang.Object, java.lang.Object, java.lang.Object)'> (0x0000000712647e00) 
thrown [s\open\src\hotspot\share\interpreter\linkResolver.cpp, line 759]
Event: 0.781 Thread 0x00000184964e2f60 Exception <a 'java/lang/NoSuchMethodError'{0x0000000712659260}: 'int java.lang.invoke.DirectMethodHandle$Holder.invokeSpecialIFC(java.lang.Object, java.lang.Object, java.lang.Object, java.lang.Object, java.lang.Object)'> (0x0000000712659260) 
thrown [s\open\src\hotspot\share\interpreter\linkResolver.cpp, line 759]
Event: 0.833 Thread 0x00000184964e2f60 Exception <a 'java/lang/NoSuchMethodError'{0x00000007124111e0}: 'java.lang.Object java.lang.invoke.DirectMethodHandle$Holder.newInvokeSpecial(java.lang.Object, java.lang.Object, java.lang.Object, java.lang.Object, java.lang.Object)'> (0x00000007124111e0) 
thrown [s\open\src\hotspot\share\interpreter\linkResolver.cpp, line 759]
Event: 0.867 Thread 0x00000184964e2f60 Exception <a 'java/lang/NoSuchMethodError'{0x000000071251ac48}: 'int java.lang.invoke.DirectMethodHandle$Holder.invokeStaticInit(java.lang.Object, java.lang.Object)'> (0x000000071251ac48) 
thrown [s\open\src\hotspot\share\interpreter\linkResolver.cpp, line 759]
Event: 0.878 Thread 0x00000184964e2f60 Exception <a 'java/lang/NoClassDefFoundError'{0x0000000712555410}: javax/enterprise/inject/Typed> (0x0000000712555410) 
thrown [s\open\src\hotspot\share\classfile\systemDictionary.cpp, line 245]

VM Operations (12 events):
Event: 0.072 Executing VM operation: HandshakeAllThreads
Event: 0.072 Executing VM operation: HandshakeAllThreads done
Event: 0.130 Executing VM operation: HandshakeAllThreads
Event: 0.130 Executing VM operation: HandshakeAllThreads done
Event: 0.308 Executing VM operation: HandshakeAllThreads
Event: 0.308 Executing VM operation: HandshakeAllThreads done
Event: 0.319 Executing VM operation: HandshakeAllThreads
Event: 0.319 Executing VM operation: HandshakeAllThreads done
Event: 0.942 Executing VM operation: ICBufferFull
Event: 0.942 Executing VM operation: ICBufferFull done
Event: 0.947 Executing VM operation: G1CollectForAllocation
Event: 0.956 Executing VM operation: G1CollectForAllocation done

Events (20 events):
Event: 1.398 loading class sun/util/resources/TimeZoneNamesBundle done
Event: 1.398 loading class sun/util/resources/cldr/TimeZoneNames done
Event: 1.399 loading class sun/util/resources/cldr/TimeZoneNames_en
Event: 1.400 loading class sun/util/resources/cldr/TimeZoneNames_en done
Event: 1.401 loading class sun/util/resources/cldr/TimeZoneNames_en_US
Event: 1.401 loading class sun/util/resources/cldr/TimeZoneNames_en_US done
Event: 1.402 loading class sun/util/resources/TimeZoneNames
Event: 1.404 loading class sun/util/resources/TimeZoneNames done
Event: 1.404 loading class sun/util/resources/TimeZoneNames_en
Event: 1.404 loading class sun/util/resources/TimeZoneNames_en done
Event: 1.470 loading class sun/reflect/generics/tree/BottomSignature
Event: 1.470 loading class sun/reflect/generics/tree/BottomSignature done
Event: 1.470 loading class sun/reflect/generics/tree/Wildcard
Event: 1.470 loading class sun/reflect/generics/tree/Wildcard done
Event: 1.470 loading class sun/reflect/generics/reflectiveObjects/WildcardTypeImpl
Event: 1.470 loading class sun/reflect/generics/reflectiveObjects/WildcardTypeImpl done
Event: 1.471 loading class sun/reflect/annotation/AnnotatedTypeFactory$AnnotatedParameterizedTypeImpl
Event: 1.471 loading class java/lang/reflect/AnnotatedParameterizedType
Event: 1.471 loading class java/lang/reflect/AnnotatedParameterizedType done
Event: 1.471 loading class sun/reflect/annotation/AnnotatedTypeFactory$AnnotatedParameterizedTypeImpl done


Dynamic libraries:
0x00007ff606d20000 - 0x00007ff606d30000 	C:\Program Files\Java\jdk-17\bin\java.exe
0x00007ff9a4330000 - 0x00007ff9a4544000 	C:\Windows\SYSTEM32\ntdll.dll
0x00007ff9a2f50000 - 0x00007ff9a3012000 	C:\Windows\System32\KERNEL32.DLL
0x00007ff9a1af0000 - 0x00007ff9a1e93000 	C:\Windows\System32\KERNELBASE.dll
0x00007ff9a1ff0000 - 0x00007ff9a2101000 	C:\Windows\System32\ucrtbase.dll
0x00007ff985d20000 - 0x00007ff985d39000 	C:\Program Files\Java\jdk-17\bin\jli.dll
0x00007ff983330000 - 0x00007ff98334b000 	C:\Program Files\Java\jdk-17\bin\VCRUNTIME140.dll
0x00007ff9a36e0000 - 0x00007ff9a378e000 	C:\Windows\System32\ADVAPI32.dll
0x00007ff9a2530000 - 0x00007ff9a25d7000 	C:\Windows\System32\msvcrt.dll
0x00007ff9a2110000 - 0x00007ff9a21b4000 	C:\Windows\System32\sechost.dll
0x00007ff9a2d70000 - 0x00007ff9a2e87000 	C:\Windows\System32\RPCRT4.dll
0x00007ff9a40c0000 - 0x00007ff9a426a000 	C:\Windows\System32\USER32.dll
0x00007ff9a1fc0000 - 0x00007ff9a1fe6000 	C:\Windows\System32\win32u.dll
0x00007ff97fd80000 - 0x00007ff98000e000 	C:\Windows\WinSxS\amd64_microsoft.windows.common-controls_6595b64144ccf1df_6.0.22621.1635_none_270f70857386168e\COMCTL32.dll
0x00007ff9a25e0000 - 0x00007ff9a2609000 	C:\Windows\System32\GDI32.dll
0x00007ff9a1ea0000 - 0x00007ff9a1fb9000 	C:\Windows\System32\gdi32full.dll
0x00007ff9a1910000 - 0x00007ff9a19aa000 	C:\Windows\System32\msvcp_win.dll
0x00007ff996f80000 - 0x00007ff996f8a000 	C:\Windows\SYSTEM32\VERSION.dll
0x00007ff9a2480000 - 0x00007ff9a24b1000 	C:\Windows\System32\IMM32.DLL
0x00007ff985d10000 - 0x00007ff985d1c000 	C:\Program Files\Java\jdk-17\bin\vcruntime140_1.dll
0x00007ff959220000 - 0x00007ff9592ae000 	C:\Program Files\Java\jdk-17\bin\msvcp140.dll
0x00007ff900910000 - 0x00007ff9014ed000 	C:\Program Files\Java\jdk-17\bin\server\jvm.dll
0x00007ff9a2f40000 - 0x00007ff9a2f48000 	C:\Windows\System32\PSAPI.DLL
0x00007ff970ef0000 - 0x00007ff970ef9000 	C:\Windows\SYSTEM32\WSOCK32.dll
0x00007ff99c820000 - 0x00007ff99c854000 	C:\Windows\SYSTEM32\WINMM.dll
0x00007ff9a3020000 - 0x00007ff9a3091000 	C:\Windows\System32\WS2_32.dll
0x00007ff9a0860000 - 0x00007ff9a0878000 	C:\Windows\SYSTEM32\kernel.appcore.dll
0x00007ff983150000 - 0x00007ff98315a000 	C:\Program Files\Java\jdk-17\bin\jimage.dll
0x00007ff99e860000 - 0x00007ff99ea8e000 	C:\Windows\SYSTEM32\DBGHELP.DLL
0x00007ff9a3110000 - 0x00007ff9a3499000 	C:\Windows\System32\combase.dll
0x00007ff9a2610000 - 0x00007ff9a26e7000 	C:\Windows\System32\OLEAUT32.dll
0x00007ff99c7e0000 - 0x00007ff99c812000 	C:\Windows\SYSTEM32\dbgcore.DLL
0x00007ff9a19b0000 - 0x00007ff9a1a2a000 	C:\Windows\System32\bcryptPrimitives.dll
0x00007ff98cd10000 - 0x00007ff98cd1e000 	C:\Program Files\Java\jdk-17\bin\instrument.dll
0x00007ff982ec0000 - 0x00007ff982ee5000 	C:\Program Files\Java\jdk-17\bin\java.dll
0x00007ff93e270000 - 0x00007ff93e347000 	C:\Program Files\Java\jdk-17\bin\jsvml.dll
0x00007ff9a3790000 - 0x00007ff9a3f89000 	C:\Windows\System32\SHELL32.dll
0x00007ff99f730000 - 0x00007ff99fffe000 	C:\Windows\SYSTEM32\windows.storage.dll
0x00007ff99f5f0000 - 0x00007ff99f72e000 	C:\Windows\SYSTEM32\wintypes.dll
0x00007ff9a21c0000 - 0x00007ff9a22b1000 	C:\Windows\System32\SHCORE.dll
0x00007ff9a24d0000 - 0x00007ff9a252e000 	C:\Windows\System32\shlwapi.dll
0x00007ff9a1660000 - 0x00007ff9a1686000 	C:\Windows\SYSTEM32\profapi.dll
0x00007ff9801a0000 - 0x00007ff9801b8000 	C:\Program Files\Java\jdk-17\bin\zip.dll
0x00007ff982ea0000 - 0x00007ff982eb9000 	C:\Program Files\Java\jdk-17\bin\net.dll
0x00007ff9991e0000 - 0x00007ff999317000 	C:\Windows\SYSTEM32\WINHTTP.dll
0x00007ff9a0ce0000 - 0x00007ff9a0d49000 	C:\Windows\system32\mswsock.dll
0x00007ff9801c0000 - 0x00007ff9801d6000 	C:\Program Files\Java\jdk-17\bin\nio.dll
0x00007ff97d2b0000 - 0x00007ff97d2ca000 	C:\Program Files\JetBrains\IntelliJ IDEA 2023.1.1\bin\breakgen64.dll
0x0000000069ac0000 - 0x0000000069ae4000 	C:\Users\tient\AppData\Local\Temp\jansi-2.4.0-e336f5568a987f3f-jansi.dll
0x00007ff97d2d0000 - 0x00007ff97d2e0000 	C:\Program Files\Java\jdk-17\bin\verify.dll

dbghelp: loaded successfully - version: 4.0.5 - missing functions: none
symbol engine: initialized successfully - sym options: 0x614 - pdb path: .;C:\Program Files\Java\jdk-17\bin;C:\Windows\SYSTEM32;C:\Windows\WinSxS\amd64_microsoft.windows.common-controls_6595b64144ccf1df_6.0.22621.1635_none_270f70857386168e;C:\Program Files\Java\jdk-17\bin\server;C:\Program Files\JetBrains\IntelliJ IDEA 2023.1.1\bin;C:\Users\tient\AppData\Local\Temp

VM Arguments:
jvm_args: -Dmaven.multiModuleProjectDirectory=E:\2023_Sum_Ky7\PRM\ShopIT_Backend\ShopIT -Djansi.passthrough=true -Dmaven.home=C:\Users\tient\.m2\wrapper\dists\apache-maven-3.9.2-bin\5aq6rqcntpmkk4aam7p0t6i219\apache-maven-3.9.2 -Dclassworlds.conf=C:\Users\tient\.m2\wrapper\dists\apache-maven-3.9.2-bin\5aq6rqcntpmkk4aam7p0t6i219\apache-maven-3.9.2\bin\m2.conf -Dmaven.ext.class.path=C:\Program Files\JetBrains\IntelliJ IDEA 2023.1.1\plugins\maven\lib\maven-event-listener.jar -javaagent:C:\Program Files\JetBrains\IntelliJ IDEA 2023.1.1\lib\idea_rt.jar=58218:C:\Program Files\JetBrains\IntelliJ IDEA 2023.1.1\bin -Dfile.encoding=UTF-8 
java_command: org.codehaus.classworlds.Launcher -Didea.version=2023.1.1 package
java_class_path (initial): C:\Users\tient\.m2\wrapper\dists\apache-maven-3.9.2-bin\5aq6rqcntpmkk4aam7p0t6i219\apache-maven-3.9.2\boot\plexus-classworlds-2.7.0.jar;C:\Users\tient\.m2\wrapper\dists\apache-maven-3.9.2-bin\5aq6rqcntpmkk4aam7p0t6i219\apache-maven-3.9.2\boot\plexus-classworlds.license
Launcher Type: SUN_STANDARD

[Global flags]
     intx CICompilerCount                          = 4                                         {product} {ergonomic}
     uint ConcGCThreads                            = 3                                         {product} {ergonomic}
     uint G1ConcRefinementThreads                  = 10                                        {product} {ergonomic}
   size_t G1HeapRegionSize                         = 2097152                                   {product} {ergonomic}
    uintx GCDrainStackTargetSize                   = 64                                        {product} {ergonomic}
   size_t InitialHeapSize                          = 266338304                                 {product} {ergonomic}
   size_t MarkStackSize                            = 4194304                                   {product} {ergonomic}
   size_t MaxHeapSize                              = 4234149888                                {product} {ergonomic}
   size_t MaxNewSize                               = 2539651072                                {product} {ergonomic}
   size_t MinHeapDeltaBytes                        = 2097152                                   {product} {ergonomic}
   size_t MinHeapSize                              = 8388608                                   {product} {ergonomic}
    uintx NonNMethodCodeHeapSize                   = 5839372                                {pd product} {ergonomic}
    uintx NonProfiledCodeHeapSize                  = 122909434                              {pd product} {ergonomic}
    uintx ProfiledCodeHeapSize                     = 122909434                              {pd product} {ergonomic}
    uintx ReservedCodeCacheSize                    = 251658240                              {pd product} {ergonomic}
     bool SegmentedCodeCache                       = true                                      {product} {ergonomic}
   size_t SoftMaxHeapSize                          = 4234149888                             {manageable} {ergonomic}
     bool UseCompressedClassPointers               = true                           {product lp64_product} {ergonomic}
     bool UseCompressedOops                        = true                           {product lp64_product} {ergonomic}
     bool UseG1GC                                  = true                                      {product} {ergonomic}
     bool UseLargePagesIndividualAllocation        = false                                  {pd product} {ergonomic}

Logging:
Log output configuration:
 #0: stdout all=warning uptime,level,tags
 #1: stderr all=off uptime,level,tags

Environment Variables:
JAVA_HOME=C:\Program Files\Java\jdk-17
PATH=C:\Program Files\Common Files\Oracle\Java\javapath;C:\Program Files (x86)\Common Files\Oracle\Java\javapath;C:\Windows\system32;C:\Windows;C:\Windows\System32\Wbem;C:\Windows\System32\WindowsPowerShell\v1.0\;C:\Windows\System32\OpenSSH\;C:\Program Files\dotnet\;C:\Program Files\Microsoft SQL Server\150\Tools\Binn\;C:\Program Files\Microsoft SQL Server\Client SDK\ODBC\170\Tools\Binn\;C:\Program Files\Java\jdk-17\bin;C:\Program Files\Git\cmd;C:\Program Files (x86)\Microsoft SQL Server\160\Tools\Binn\;C:\Program Files\Microsoft SQL Server\160\Tools\Binn\;C:\Program Files\Microsoft SQL Server\160\DTS\Binn\;C:\Program Files (x86)\Microsoft SQL Server\160\DTS\Binn\;C:\Program Files\Azure Data Studio\bin;C:\flutter\bin;C:\Users\tient\AppData\Local\Pub\Cache\bin;C:\Program Files\nodejs\;C:\Users\tient\AppData\Roaming\npm;C:\Program Files\Docker\Docker\resources\bin;C:\Program Files\MySQL\MySQL Server 8.0\bin;C:\Program Files\MySQL\MySQL Shell 8.0\bin\;C:\Users\tient\AppData\Local\Microsoft\WindowsApps;C:\Users\tient\.dotnet\tools;C:\Users\tient\AppData\Local\Programs\Microsoft VS Code\bin;C:\Program Files\Azure Data Studio\bin;C:\Users\tient\AppData\Roaming\npm;
USERNAME=tient
OS=Windows_NT
PROCESSOR_IDENTIFIER=Intel64 Family 6 Model 158 Stepping 10, GenuineIntel



---------------  S Y S T E M  ---------------

OS:
 Windows 11 , 64 bit Build 22621 (10.0.22621.1928)
OS uptime: 0 days 10:33 hours

CPU: total 12 (initial active 12) (6 cores per cpu, 2 threads per core) family 6 model 158 stepping 10 microcode 0xf0, cx8, cmov, fxsr, ht, mmx, 3dnowpref, sse, sse2, sse3, ssse3, sse4.1, sse4.2, popcnt, lzcnt, tsc, tscinvbit, avx, avx2, aes, erms, clmul, bmi1, bmi2, adx, fma, vzeroupper, clflush, clflushopt

Memory: 4k page, system-wide physical 16148M (2138M free)
TotalPageFile size 46590M (AvailPageFile size 23M)
current process WorkingSet (physical memory assigned to process): 91M, peak: 91M
current process commit charge ("private bytes"): 371M, peak: 373M

vm_info: Java HotSpot(TM) 64-Bit Server VM (17.0.7+8-LTS-224) for windows-amd64 JRE (17.0.7+8-LTS-224), built on Feb 28 2023 23:03:02 by "mach5one" with MS VC++ 17.1 (VS2022)

END.
